<?xml version="1.0" encoding="UTF-8"?>
<!-- Generated by org.testng.reporters.JUnitXMLReporter -->
<testsuite ignored="0" hostname="DESKTOP-S1MQ5B3" failures="0" tests="6" name="Test" time="16.238" errors="0" timestamp="06 Jun 2023 13:42:38 GMT">
  <testcase classname="com.qa.TestScripts.SeleniumScriptInTestNG" name="formValidation" time="0.84"/>
  <testcase classname="com.qa.TestScripts.SeleniumScriptInTestNG" name="formValidation" time="0.631"/>
  <testcase classname="com.qa.TestScripts.SeleniumScriptInTestNG" name="formValidation" time="0.52"/>
  <testcase classname="com.qa.TestScripts.SeleniumScriptInTestNG" name="formValidation" time="0.484"/>
  <testcase classname="com.qa.TestScripts.SeleniumScriptInTestNG" name="title" time="0.012"/>
  <testcase classname="com.qa.TestScripts.SeleniumScriptInTestNG" name="validationOflinkText" time="4.894"/>
</testsuite> <!-- Test -->
