<?xml version="1.0" encoding="UTF-8"?>
<!-- Generated by org.testng.reporters.JUnitXMLReporter -->
<testsuite ignored="2" hostname="DESKTOP-S1MQ5B3" failures="0" tests="1" name="Default test" time="16.629" errors="0" timestamp="07 Jun 2023 12:28:18 GMT">
  <testcase classname="com.qa.TestScripts.SeleniumScriptInTestNG" name="validationOflinkText" time="6.594"/>
  <testcase classname="com.qa.TestScripts.SeleniumScriptInTestNG" name="title" time="0.0">
    <ignored/>
  </testcase> <!-- title -->
  <testcase classname="com.qa.TestScripts.SeleniumScriptInTestNG" name="formValidation" time="0.0">
    <ignored/>
  </testcase> <!-- formValidation -->
</testsuite> <!-- Default test -->
