<?xml version="1.0" encoding="UTF-8"?>
<testsuite xmlns:xsi="http://www.w3.org/2001/XMLSchema-instance" xsi:noNamespaceSchemaLocation="https://maven.apache.org/surefire/maven-surefire-plugin/xsd/surefire-test-report-3.0.xsd" version="3.0" name="TestSuite" time="17.151" tests="6" errors="0" skipped="0" failures="0">
  <properties>
[...]
</properties>
  <testcase name="formValidation[John, Peter, jp@test.com, john123](1)" classname="com.qa.TestScripts.SeleniumScriptInTestNG" time="0.839">
    <system-out><![CDATA[[TestNGContentHandler] [WARN] It is strongly recommended to add "<!DOCTYPE suite SYSTEM "http://testng.org/testng-1.0.dtd" >" at the top of your file, otherwise TestNG may fail or not work as expected.
5
4
4
]]></system-out>
    <system-err><![CDATA[SLF4J: No SLF4J providers were found.
SLF4J: Defaulting to no-operation (NOP) logger implementation
SLF4J: See https://www.slf4j.org/codes.html#noProviders for further details.
Starting ChromeDriver 114.0.5735.90 (386bc09e8f4f2e025eddae123f36f6263096ae49-refs/branch-heads/5735@{#1052}) on port 43561
Only local connections are allowed.
Please see https://chromedriver.chromium.org/security-considerations for suggestions on keeping ChromeDriver safe.
ChromeDriver was started successfully.
Jun 06, 2023 7:12:24 PM org.openqa.selenium.remote.ProtocolHandshake createSession
INFO: Detected dialect: W3C
]]></system-err>
  </testcase>
  <testcase name="formValidation[Sam, Son, ss@test.com, ss123](2)" classname="com.qa.TestScripts.SeleniumScriptInTestNG" time="0.63"/>
  <testcase name="formValidation[Jack, Jill, jj@test.com, jj123](3)" classname="com.qa.TestScripts.SeleniumScriptInTestNG" time="0.52"/>
  <testcase name="formValidation[Jim, Tom, jt@test.com, jt123](4)" classname="com.qa.TestScripts.SeleniumScriptInTestNG" time="0.485"/>
  <testcase name="title" classname="com.qa.TestScripts.SeleniumScriptInTestNG" time="0.05">
    <system-out><![CDATA[title of the pageBasic Controls - H Y R Tutorials
]]></system-out>
  </testcase>
  <testcase name="validationOflinkText" classname="com.qa.TestScripts.SeleniumScriptInTestNG" time="4.857">
    <system-out><![CDATA[https://www.hyrtutorials.com/
]]></system-out>
  </testcase>
</testsuite>