<?xml version="1.0" encoding="UTF-8"?>
<testng-results ignored="0" total="6" passed="6" failed="0" skipped="0">
  <reporter-output>
  </reporter-output>
  <suite started-at="2023-06-06T13:42:22Z" name="Suite" finished-at="2023-06-06T13:42:38Z" duration-ms="16238">
    <groups>
    </groups>
    <test started-at="2023-06-06T13:42:22Z" name="Test" finished-at="2023-06-06T13:42:38Z" duration-ms="16238">
      <class name="com.qa.TestScripts.SeleniumScriptInTestNG">
        <test-method is-config="true" signature="setUp()[pri:0, instance:com.qa.TestScripts.SeleniumScriptInTestNG@4a83a74a]" started-at="2023-06-06T13:42:22Z" name="setUp" finished-at="2023-06-06T13:42:29Z" duration-ms="7482" status="PASS">
          <reporter-output>
          </reporter-output>
        </test-method> <!-- setUp -->
        <test-method signature="formValidation(java.lang.String, java.lang.String, java.lang.String, java.lang.String)[pri:0, instance:com.qa.TestScripts.SeleniumScriptInTestNG@4a83a74a]" started-at="2023-06-06T13:42:30Z" name="formValidation" data-provider="passDataFromExcel" finished-at="2023-06-06T13:42:31Z" duration-ms="840" status="PASS">
          <params>
            <param index="0">
              <value>
                <![CDATA[John]]>
              </value>
            </param>
            <param index="1">
              <value>
                <![CDATA[Peter]]>
              </value>
            </param>
            <param index="2">
              <value>
                <![CDATA[jp@test.com]]>
              </value>
            </param>
            <param index="3">
              <value>
                <![CDATA[john123]]>
              </value>
            </param>
          </params>
          <reporter-output>
          </reporter-output>
        </test-method> <!-- formValidation -->
        <test-method signature="formValidation(java.lang.String, java.lang.String, java.lang.String, java.lang.String)[pri:0, instance:com.qa.TestScripts.SeleniumScriptInTestNG@4a83a74a]" started-at="2023-06-06T13:42:31Z" name="formValidation" data-provider="passDataFromExcel" finished-at="2023-06-06T13:42:32Z" duration-ms="631" status="PASS">
          <params>
            <param index="0">
              <value>
                <![CDATA[Sam]]>
              </value>
            </param>
            <param index="1">
              <value>
                <![CDATA[Son]]>
              </value>
            </param>
            <param index="2">
              <value>
                <![CDATA[ss@test.com]]>
              </value>
            </param>
            <param index="3">
              <value>
                <![CDATA[ss123]]>
              </value>
            </param>
          </params>
          <reporter-output>
          </reporter-output>
        </test-method> <!-- formValidation -->
        <test-method signature="formValidation(java.lang.String, java.lang.String, java.lang.String, java.lang.String)[pri:0, instance:com.qa.TestScripts.SeleniumScriptInTestNG@4a83a74a]" started-at="2023-06-06T13:42:32Z" name="formValidation" data-provider="passDataFromExcel" finished-at="2023-06-06T13:42:32Z" duration-ms="520" status="PASS">
          <params>
            <param index="0">
              <value>
                <![CDATA[Jack]]>
              </value>
            </param>
            <param index="1">
              <value>
                <![CDATA[Jill]]>
              </value>
            </param>
            <param index="2">
              <value>
                <![CDATA[jj@test.com]]>
              </value>
            </param>
            <param index="3">
              <value>
                <![CDATA[jj123]]>
              </value>
            </param>
          </params>
          <reporter-output>
          </reporter-output>
        </test-method> <!-- formValidation -->
        <test-method signature="formValidation(java.lang.String, java.lang.String, java.lang.String, java.lang.String)[pri:0, instance:com.qa.TestScripts.SeleniumScriptInTestNG@4a83a74a]" started-at="2023-06-06T13:42:32Z" name="formValidation" data-provider="passDataFromExcel" finished-at="2023-06-06T13:42:33Z" duration-ms="484" status="PASS">
          <params>
            <param index="0">
              <value>
                <![CDATA[Jim]]>
              </value>
            </param>
            <param index="1">
              <value>
                <![CDATA[Tom]]>
              </value>
            </param>
            <param index="2">
              <value>
                <![CDATA[jt@test.com]]>
              </value>
            </param>
            <param index="3">
              <value>
                <![CDATA[jt123]]>
              </value>
            </param>
          </params>
          <reporter-output>
          </reporter-output>
        </test-method> <!-- formValidation -->
        <test-method signature="title()[pri:0, instance:com.qa.TestScripts.SeleniumScriptInTestNG@4a83a74a]" started-at="2023-06-06T13:42:33Z" name="title" finished-at="2023-06-06T13:42:33Z" duration-ms="12" status="PASS">
          <reporter-output>
          </reporter-output>
        </test-method> <!-- title -->
        <test-method signature="validationOflinkText()[pri:0, instance:com.qa.TestScripts.SeleniumScriptInTestNG@4a83a74a]" started-at="2023-06-06T13:42:33Z" name="validationOflinkText" finished-at="2023-06-06T13:42:38Z" duration-ms="4894" status="PASS">
          <reporter-output>
          </reporter-output>
        </test-method> <!-- validationOflinkText -->
        <test-method is-config="true" signature="tearDown()[pri:0, instance:com.qa.TestScripts.SeleniumScriptInTestNG@4a83a74a]" started-at="2023-06-06T13:42:38Z" name="tearDown" finished-at="2023-06-06T13:42:38Z" duration-ms="216" status="PASS">
          <reporter-output>
          </reporter-output>
        </test-method> <!-- tearDown -->
      </class> <!-- com.qa.TestScripts.SeleniumScriptInTestNG -->
    </test> <!-- Test -->
  </suite> <!-- Suite -->
</testng-results>
