<?xml version="1.0" encoding="UTF-8"?>
<testng-results ignored="0" total="6" passed="6" failed="0" skipped="0">
  <reporter-output>
  </reporter-output>
  <suite started-at="2023-06-07T12:29:17Z" name="Suite" finished-at="2023-06-07T12:29:34Z" duration-ms="16855">
    <groups>
    </groups>
    <test started-at="2023-06-07T12:29:17Z" name="testcase1" finished-at="2023-06-07T12:29:34Z" duration-ms="16855">
      <class name="com.qa.TestScripts.SeleniumScriptInTestNG">
        <test-method is-config="true" signature="setUp()[pri:0, instance:com.qa.TestScripts.SeleniumScriptInTestNG@2767e23c]" started-at="2023-06-07T12:29:17Z" name="setUp" finished-at="2023-06-07T12:29:24Z" duration-ms="7054" status="PASS">
          <reporter-output>
          </reporter-output>
        </test-method> <!-- setUp -->
        <test-method signature="formValidation(java.lang.String, java.lang.String, java.lang.String, java.lang.String)[pri:0, instance:com.qa.TestScripts.SeleniumScriptInTestNG@2767e23c]" started-at="2023-06-07T12:29:25Z" name="formValidation" data-provider="passDataFromExcel" finished-at="2023-06-07T12:29:27Z" duration-ms="1483" status="PASS">
          <params>
            <param index="0">
              <value>
                <![CDATA[John]]>
              </value>
            </param>
            <param index="1">
              <value>
                <![CDATA[Peter]]>
              </value>
            </param>
            <param index="2">
              <value>
                <![CDATA[jp@test.com]]>
              </value>
            </param>
            <param index="3">
              <value>
                <![CDATA[john123]]>
              </value>
            </param>
          </params>
          <reporter-output>
          </reporter-output>
        </test-method> <!-- formValidation -->
        <test-method signature="formValidation(java.lang.String, java.lang.String, java.lang.String, java.lang.String)[pri:0, instance:com.qa.TestScripts.SeleniumScriptInTestNG@2767e23c]" started-at="2023-06-07T12:29:27Z" name="formValidation" data-provider="passDataFromExcel" finished-at="2023-06-07T12:29:27Z" duration-ms="779" status="PASS">
          <params>
            <param index="0">
              <value>
                <![CDATA[Sam]]>
              </value>
            </param>
            <param index="1">
              <value>
                <![CDATA[Son]]>
              </value>
            </param>
            <param index="2">
              <value>
                <![CDATA[ss@test.com]]>
              </value>
            </param>
            <param index="3">
              <value>
                <![CDATA[ss123]]>
              </value>
            </param>
          </params>
          <reporter-output>
          </reporter-output>
        </test-method> <!-- formValidation -->
        <test-method signature="formValidation(java.lang.String, java.lang.String, java.lang.String, java.lang.String)[pri:0, instance:com.qa.TestScripts.SeleniumScriptInTestNG@2767e23c]" started-at="2023-06-07T12:29:27Z" name="formValidation" data-provider="passDataFromExcel" finished-at="2023-06-07T12:29:28Z" duration-ms="785" status="PASS">
          <params>
            <param index="0">
              <value>
                <![CDATA[Jack]]>
              </value>
            </param>
            <param index="1">
              <value>
                <![CDATA[Jill]]>
              </value>
            </param>
            <param index="2">
              <value>
                <![CDATA[jj@test.com]]>
              </value>
            </param>
            <param index="3">
              <value>
                <![CDATA[jj123]]>
              </value>
            </param>
          </params>
          <reporter-output>
          </reporter-output>
        </test-method> <!-- formValidation -->
        <test-method signature="formValidation(java.lang.String, java.lang.String, java.lang.String, java.lang.String)[pri:0, instance:com.qa.TestScripts.SeleniumScriptInTestNG@2767e23c]" started-at="2023-06-07T12:29:28Z" name="formValidation" data-provider="passDataFromExcel" finished-at="2023-06-07T12:29:29Z" duration-ms="759" status="PASS">
          <params>
            <param index="0">
              <value>
                <![CDATA[Jim]]>
              </value>
            </param>
            <param index="1">
              <value>
                <![CDATA[Tom]]>
              </value>
            </param>
            <param index="2">
              <value>
                <![CDATA[jt@test.com]]>
              </value>
            </param>
            <param index="3">
              <value>
                <![CDATA[jt123]]>
              </value>
            </param>
          </params>
          <reporter-output>
          </reporter-output>
        </test-method> <!-- formValidation -->
        <test-method signature="title()[pri:0, instance:com.qa.TestScripts.SeleniumScriptInTestNG@2767e23c]" started-at="2023-06-07T12:29:29Z" name="title" finished-at="2023-06-07T12:29:29Z" duration-ms="10" status="PASS">
          <reporter-output>
          </reporter-output>
        </test-method> <!-- title -->
        <test-method signature="validationOflinkText()[pri:0, instance:com.qa.TestScripts.SeleniumScriptInTestNG@2767e23c]" started-at="2023-06-07T12:29:29Z" name="validationOflinkText" finished-at="2023-06-07T12:29:33Z" duration-ms="4379" status="PASS">
          <reporter-output>
          </reporter-output>
        </test-method> <!-- validationOflinkText -->
        <test-method is-config="true" signature="tearDown()[pri:0, instance:com.qa.TestScripts.SeleniumScriptInTestNG@2767e23c]" started-at="2023-06-07T12:29:33Z" name="tearDown" finished-at="2023-06-07T12:29:34Z" duration-ms="267" status="PASS">
          <reporter-output>
          </reporter-output>
        </test-method> <!-- tearDown -->
      </class> <!-- com.qa.TestScripts.SeleniumScriptInTestNG -->
    </test> <!-- testcase1 -->
  </suite> <!-- Suite -->
</testng-results>
