<?xml version="1.0" encoding="UTF-8"?>
<!-- Generated by org.testng.reporters.JUnitXMLReporter -->
<testsuite ignored="0" hostname="DESKTOP-S1MQ5B3" failures="0" tests="6" name="testcase1" time="16.855" errors="0" timestamp="07 Jun 2023 12:29:34 GMT">
  <testcase classname="com.qa.TestScripts.SeleniumScriptInTestNG" name="formValidation" time="1.483"/>
  <testcase classname="com.qa.TestScripts.SeleniumScriptInTestNG" name="formValidation" time="0.779"/>
  <testcase classname="com.qa.TestScripts.SeleniumScriptInTestNG" name="formValidation" time="0.785"/>
  <testcase classname="com.qa.TestScripts.SeleniumScriptInTestNG" name="formValidation" time="0.759"/>
  <testcase classname="com.qa.TestScripts.SeleniumScriptInTestNG" name="title" time="0.01"/>
  <testcase classname="com.qa.TestScripts.SeleniumScriptInTestNG" name="validationOflinkText" time="4.379"/>
</testsuite> <!-- testcase1 -->
